mode: set
github.com/pandusatrianura/heimdall-travel-service/internal/handlers/search.go:20.78,22.2 1 1
github.com/pandusatrianura/heimdall-travel-service/internal/handlers/search.go:24.78,30.61 4 1
github.com/pandusatrianura/heimdall-travel-service/internal/handlers/search.go:30.61,34.3 3 1
github.com/pandusatrianura/heimdall-travel-service/internal/handlers/search.go:36.2,43.23 3 1
github.com/pandusatrianura/heimdall-travel-service/internal/handlers/search.go:43.23,45.3 1 1
github.com/pandusatrianura/heimdall-travel-service/internal/handlers/search.go:46.2,47.28 2 1
github.com/pandusatrianura/heimdall-travel-service/internal/handlers/search.go:47.28,49.3 1 1
github.com/pandusatrianura/heimdall-travel-service/internal/handlers/search.go:51.2,51.80 1 1
github.com/pandusatrianura/heimdall-travel-service/internal/handlers/search.go:51.80,55.3 3 1
github.com/pandusatrianura/heimdall-travel-service/internal/handlers/search.go:58.2,60.71 3 1
github.com/pandusatrianura/heimdall-travel-service/internal/handlers/search.go:60.71,62.3 1 0
github.com/pandusatrianura/heimdall-travel-service/internal/handlers/search.go:63.2,63.71 1 1
github.com/pandusatrianura/heimdall-travel-service/internal/handlers/search.go:63.71,65.3 1 1
github.com/pandusatrianura/heimdall-travel-service/internal/handlers/search.go:66.2,66.62 1 1
github.com/pandusatrianura/heimdall-travel-service/internal/handlers/search.go:66.62,67.61 1 1
github.com/pandusatrianura/heimdall-travel-service/internal/handlers/search.go:67.61,69.4 1 1
github.com/pandusatrianura/heimdall-travel-service/internal/handlers/search.go:71.2,71.72 1 1
github.com/pandusatrianura/heimdall-travel-service/internal/handlers/search.go:71.72,73.3 1 0
github.com/pandusatrianura/heimdall-travel-service/internal/handlers/search.go:74.2,74.55 1 1
github.com/pandusatrianura/heimdall-travel-service/internal/handlers/search.go:74.55,76.3 1 1
github.com/pandusatrianura/heimdall-travel-service/internal/handlers/search.go:78.2,78.46 1 1
github.com/pandusatrianura/heimdall-travel-service/internal/handlers/search.go:78.46,84.3 5 1
github.com/pandusatrianura/heimdall-travel-service/internal/handlers/search.go:86.2,89.16 3 1
github.com/pandusatrianura/heimdall-travel-service/internal/handlers/search.go:89.16,93.3 3 0
github.com/pandusatrianura/heimdall-travel-service/internal/handlers/search.go:95.2,98.56 3 1
github.com/pandusatrianura/heimdall-travel-service/internal/handlers/search.go:98.56,100.3 1 0
github.com/pandusatrianura/heimdall-travel-service/internal/models/api.go:16.62,18.54 2 0
github.com/pandusatrianura/heimdall-travel-service/internal/models/api.go:18.54,21.3 2 0
github.com/pandusatrianura/heimdall-travel-service/internal/models/api.go:23.2,24.53 2 0
github.com/pandusatrianura/heimdall-travel-service/internal/models/api.go:24.53,27.3 2 0
github.com/pandusatrianura/heimdall-travel-service/internal/models/api.go:29.2,29.58 1 0
github.com/pandusatrianura/heimdall-travel-service/internal/models/api.go:32.58,33.19 1 0
github.com/pandusatrianura/heimdall-travel-service/internal/models/api.go:33.19,35.3 1 0
github.com/pandusatrianura/heimdall-travel-service/internal/models/api.go:37.2,38.19 2 0
github.com/pandusatrianura/heimdall-travel-service/internal/models/api.go:38.19,40.3 1 0
github.com/pandusatrianura/heimdall-travel-service/internal/models/api.go:42.2,42.29 1 0
github.com/pandusatrianura/heimdall-travel-service/internal/models/api.go:49.66,50.28 1 0
github.com/pandusatrianura/heimdall-travel-service/internal/models/api.go:50.28,53.3 2 0
github.com/pandusatrianura/heimdall-travel-service/internal/models/api.go:55.2,56.54 2 0
github.com/pandusatrianura/heimdall-travel-service/internal/models/api.go:56.54,57.20 1 0
github.com/pandusatrianura/heimdall-travel-service/internal/models/api.go:57.20,60.4 2 0
github.com/pandusatrianura/heimdall-travel-service/internal/models/api.go:62.3,63.13 2 0
github.com/pandusatrianura/heimdall-travel-service/internal/models/api.go:66.2,67.53 2 0
github.com/pandusatrianura/heimdall-travel-service/internal/models/api.go:67.53,69.35 2 0
github.com/pandusatrianura/heimdall-travel-service/internal/models/api.go:69.35,70.20 1 0
github.com/pandusatrianura/heimdall-travel-service/internal/models/api.go:70.20,72.5 1 0
github.com/pandusatrianura/heimdall-travel-service/internal/models/api.go:75.3,76.13 2 0
github.com/pandusatrianura/heimdall-travel-service/internal/models/api.go:79.2,79.70 1 0
github.com/pandusatrianura/heimdall-travel-service/internal/models/api.go:82.62,83.19 1 0
github.com/pandusatrianura/heimdall-travel-service/internal/models/api.go:83.19,84.19 1 0
github.com/pandusatrianura/heimdall-travel-service/internal/models/api.go:84.19,86.4 1 0
github.com/pandusatrianura/heimdall-travel-service/internal/models/api.go:88.3,88.30 1 0
github.com/pandusatrianura/heimdall-travel-service/internal/models/api.go:91.2,92.32 2 0
github.com/pandusatrianura/heimdall-travel-service/internal/models/api.go:92.32,93.18 1 0
github.com/pandusatrianura/heimdall-travel-service/internal/models/api.go:93.18,94.12 1 0
github.com/pandusatrianura/heimdall-travel-service/internal/models/api.go:97.3,98.27 2 0
github.com/pandusatrianura/heimdall-travel-service/internal/models/api.go:101.2,101.29 1 0
github.com/pandusatrianura/heimdall-travel-service/internal/models/api.go:140.61,141.23 1 1
github.com/pandusatrianura/heimdall-travel-service/internal/models/api.go:141.23,143.3 1 0
github.com/pandusatrianura/heimdall-travel-service/internal/models/api.go:145.2,145.18 1 1
github.com/pandusatrianura/heimdall-travel-service/internal/models/api.go:148.66,149.28 1 1
github.com/pandusatrianura/heimdall-travel-service/internal/models/api.go:149.28,151.3 1 0
github.com/pandusatrianura/heimdall-travel-service/internal/models/api.go:153.2,153.23 1 1
github.com/pandusatrianura/heimdall-travel-service/internal/models/api.go:156.60,163.74 6 1
github.com/pandusatrianura/heimdall-travel-service/internal/models/api.go:163.74,165.3 1 0
github.com/pandusatrianura/heimdall-travel-service/internal/models/api.go:167.2,167.72 1 1
github.com/pandusatrianura/heimdall-travel-service/internal/models/api.go:167.72,169.3 1 1
github.com/pandusatrianura/heimdall-travel-service/internal/models/api.go:171.2,171.59 1 1
github.com/pandusatrianura/heimdall-travel-service/internal/models/api.go:171.59,173.3 1 0
github.com/pandusatrianura/heimdall-travel-service/internal/models/api.go:175.2,176.29 2 1
github.com/pandusatrianura/heimdall-travel-service/internal/models/api.go:176.29,181.36 5 1
github.com/pandusatrianura/heimdall-travel-service/internal/models/api.go:181.36,183.4 1 1
github.com/pandusatrianura/heimdall-travel-service/internal/models/api.go:185.3,185.63 1 1
github.com/pandusatrianura/heimdall-travel-service/internal/models/api.go:185.63,187.4 1 0
github.com/pandusatrianura/heimdall-travel-service/internal/models/api.go:189.3,189.28 1 1
github.com/pandusatrianura/heimdall-travel-service/internal/models/api.go:189.28,191.4 1 1
github.com/pandusatrianura/heimdall-travel-service/internal/models/api.go:193.3,193.53 1 1
github.com/pandusatrianura/heimdall-travel-service/internal/models/api.go:193.53,195.4 1 0
github.com/pandusatrianura/heimdall-travel-service/internal/models/api.go:197.3,203.5 1 1
github.com/pandusatrianura/heimdall-travel-service/internal/models/api.go:206.2,206.19 1 1
github.com/pandusatrianura/heimdall-travel-service/internal/models/api.go:210.56,212.16 2 1
github.com/pandusatrianura/heimdall-travel-service/internal/models/api.go:212.16,214.3 1 1
github.com/pandusatrianura/heimdall-travel-service/internal/models/api.go:216.2,217.29 2 1
github.com/pandusatrianura/heimdall-travel-service/internal/models/api.go:217.29,226.28 2 1
github.com/pandusatrianura/heimdall-travel-service/internal/models/api.go:226.28,234.4 1 1
github.com/pandusatrianura/heimdall-travel-service/internal/models/api.go:237.2,237.20 1 1
github.com/pandusatrianura/heimdall-travel-service/internal/models/api.go:237.20,239.3 1 0
github.com/pandusatrianura/heimdall-travel-service/internal/models/api.go:241.2,241.18 1 1
github.com/pandusatrianura/heimdall-travel-service/internal/pkg/utils/utils.go:18.51,22.18 3 1
github.com/pandusatrianura/heimdall-travel-service/internal/pkg/utils/utils.go:22.18,24.67 2 1
github.com/pandusatrianura/heimdall-travel-service/internal/pkg/utils/utils.go:24.67,26.4 1 1
github.com/pandusatrianura/heimdall-travel-service/internal/pkg/utils/utils.go:29.2,31.26 3 1
github.com/pandusatrianura/heimdall-travel-service/internal/pkg/utils/utils.go:31.26,32.57 1 1
github.com/pandusatrianura/heimdall-travel-service/internal/pkg/utils/utils.go:32.57,34.4 1 1
github.com/pandusatrianura/heimdall-travel-service/internal/pkg/utils/utils.go:37.2,37.23 1 1
github.com/pandusatrianura/heimdall-travel-service/internal/pkg/utils/utils.go:37.23,39.3 1 1
github.com/pandusatrianura/heimdall-travel-service/internal/pkg/utils/utils.go:41.2,41.16 1 1
github.com/pandusatrianura/heimdall-travel-service/internal/pkg/utils/utils.go:45.56,48.15 3 1
github.com/pandusatrianura/heimdall-travel-service/internal/pkg/utils/utils.go:48.15,50.3 1 1
github.com/pandusatrianura/heimdall-travel-service/internal/pkg/utils/utils.go:51.2,52.16 2 1
github.com/pandusatrianura/heimdall-travel-service/internal/pkg/utils/utils.go:52.16,54.3 1 1
github.com/pandusatrianura/heimdall-travel-service/internal/pkg/utils/utils.go:55.2,55.12 1 1
github.com/pandusatrianura/heimdall-travel-service/internal/pkg/utils/utils.go:59.60,62.15 3 1
github.com/pandusatrianura/heimdall-travel-service/internal/pkg/utils/utils.go:62.15,64.3 1 1
github.com/pandusatrianura/heimdall-travel-service/internal/pkg/utils/utils.go:65.2,66.16 2 1
github.com/pandusatrianura/heimdall-travel-service/internal/pkg/utils/utils.go:66.16,68.3 1 1
github.com/pandusatrianura/heimdall-travel-service/internal/pkg/utils/utils.go:69.2,69.12 1 1
github.com/pandusatrianura/heimdall-travel-service/internal/pkg/timeutil/timeutil.go:10.67,13.16 2 1
github.com/pandusatrianura/heimdall-travel-service/internal/pkg/timeutil/timeutil.go:13.16,15.3 1 1
github.com/pandusatrianura/heimdall-travel-service/internal/pkg/timeutil/timeutil.go:18.2,19.16 2 1
github.com/pandusatrianura/heimdall-travel-service/internal/pkg/timeutil/timeutil.go:19.16,21.3 1 1
github.com/pandusatrianura/heimdall-travel-service/internal/pkg/timeutil/timeutil.go:25.2,25.19 1 1
github.com/pandusatrianura/heimdall-travel-service/internal/pkg/timeutil/timeutil.go:25.19,27.17 2 1
github.com/pandusatrianura/heimdall-travel-service/internal/pkg/timeutil/timeutil.go:27.17,30.4 1 0
github.com/pandusatrianura/heimdall-travel-service/internal/pkg/timeutil/timeutil.go:31.3,32.17 2 1
github.com/pandusatrianura/heimdall-travel-service/internal/pkg/timeutil/timeutil.go:32.17,34.4 1 1
github.com/pandusatrianura/heimdall-travel-service/internal/pkg/timeutil/timeutil.go:35.8,38.17 2 1
github.com/pandusatrianura/heimdall-travel-service/internal/pkg/timeutil/timeutil.go:38.17,40.4 1 1
github.com/pandusatrianura/heimdall-travel-service/internal/pkg/timeutil/timeutil.go:43.2,43.69 1 1
github.com/pandusatrianura/heimdall-travel-service/internal/pkg/timeutil/timeutil.go:47.41,50.15 3 1
github.com/pandusatrianura/heimdall-travel-service/internal/pkg/timeutil/timeutil.go:50.15,52.3 1 1
github.com/pandusatrianura/heimdall-travel-service/internal/pkg/timeutil/timeutil.go:53.2,53.33 1 1
github.com/pandusatrianura/heimdall-travel-service/internal/pkg/ctxutil/context.go:10.82,12.2 1 1
github.com/pandusatrianura/heimdall-travel-service/internal/pkg/ctxutil/context.go:15.47,16.52 1 1
github.com/pandusatrianura/heimdall-travel-service/internal/pkg/ctxutil/context.go:16.52,18.3 1 1
github.com/pandusatrianura/heimdall-travel-service/internal/pkg/ctxutil/context.go:19.2,19.18 1 1
github.com/pandusatrianura/heimdall-travel-service/internal/pkg/logger/logger.go:17.75,18.16 1 1
github.com/pandusatrianura/heimdall-travel-service/internal/pkg/logger/logger.go:18.16,19.61 1 1
github.com/pandusatrianura/heimdall-travel-service/internal/pkg/logger/logger.go:19.61,21.4 1 1
github.com/pandusatrianura/heimdall-travel-service/internal/pkg/logger/logger.go:23.2,23.33 1 1
github.com/pandusatrianura/heimdall-travel-service/internal/pkg/logger/logger.go:27.19,37.2 5 1
github.com/pandusatrianura/heimdall-travel-service/internal/services/aggregator.go:30.152,44.26 5 1
github.com/pandusatrianura/heimdall-travel-service/internal/services/aggregator.go:44.26,51.52 2 1
github.com/pandusatrianura/heimdall-travel-service/internal/services/aggregator.go:51.52,53.5 1 0
github.com/pandusatrianura/heimdall-travel-service/internal/services/aggregator.go:54.63,59.5 1 0
github.com/pandusatrianura/heimdall-travel-service/internal/services/aggregator.go:62.3,62.55 1 1
github.com/pandusatrianura/heimdall-travel-service/internal/services/aggregator.go:65.2,73.3 1 1
github.com/pandusatrianura/heimdall-travel-service/internal/services/aggregator.go:77.82,101.16 3 1
github.com/pandusatrianura/heimdall-travel-service/internal/services/aggregator.go:101.16,103.3 1 0
github.com/pandusatrianura/heimdall-travel-service/internal/services/aggregator.go:105.2,105.20 1 1
github.com/pandusatrianura/heimdall-travel-service/internal/services/aggregator.go:108.116,110.16 2 1
github.com/pandusatrianura/heimdall-travel-service/internal/services/aggregator.go:110.16,112.3 1 0
github.com/pandusatrianura/heimdall-travel-service/internal/services/aggregator.go:114.2,121.55 4 1
github.com/pandusatrianura/heimdall-travel-service/internal/services/aggregator.go:121.55,129.3 6 0
github.com/pandusatrianura/heimdall-travel-service/internal/services/aggregator.go:132.2,133.16 2 1
github.com/pandusatrianura/heimdall-travel-service/internal/services/aggregator.go:133.16,135.3 1 0
github.com/pandusatrianura/heimdall-travel-service/internal/services/aggregator.go:138.2,146.30 7 1
github.com/pandusatrianura/heimdall-travel-service/internal/services/aggregator.go:146.30,148.33 2 1
github.com/pandusatrianura/heimdall-travel-service/internal/services/aggregator.go:148.33,150.72 2 1
github.com/pandusatrianura/heimdall-travel-service/internal/services/aggregator.go:150.72,157.23 4 1
github.com/pandusatrianura/heimdall-travel-service/internal/services/aggregator.go:157.23,158.51 1 1
github.com/pandusatrianura/heimdall-travel-service/internal/services/aggregator.go:158.51,162.7 3 0
github.com/pandusatrianura/heimdall-travel-service/internal/services/aggregator.go:165.5,168.18 3 1
github.com/pandusatrianura/heimdall-travel-service/internal/services/aggregator.go:168.18,170.59 1 1
github.com/pandusatrianura/heimdall-travel-service/internal/services/aggregator.go:170.59,172.19 2 1
github.com/pandusatrianura/heimdall-travel-service/internal/services/aggregator.go:172.19,174.8 1 1
github.com/pandusatrianura/heimdall-travel-service/internal/services/aggregator.go:175.7,175.26 1 1
github.com/pandusatrianura/heimdall-travel-service/internal/services/aggregator.go:177.11,180.18 2 0
github.com/pandusatrianura/heimdall-travel-service/internal/services/aggregator.go:180.18,182.7 1 0
github.com/pandusatrianura/heimdall-travel-service/internal/services/aggregator.go:182.12,184.7 1 0
github.com/pandusatrianura/heimdall-travel-service/internal/services/aggregator.go:187.5,187.19 1 1
github.com/pandusatrianura/heimdall-travel-service/internal/services/aggregator.go:187.19,190.6 2 1
github.com/pandusatrianura/heimdall-travel-service/internal/services/aggregator.go:190.11,195.6 2 1
github.com/pandusatrianura/heimdall-travel-service/internal/services/aggregator.go:200.2,205.35 5 1
github.com/pandusatrianura/heimdall-travel-service/internal/services/aggregator.go:205.35,207.3 1 1
github.com/pandusatrianura/heimdall-travel-service/internal/services/aggregator.go:209.2,210.38 2 1
github.com/pandusatrianura/heimdall-travel-service/internal/services/aggregator.go:210.38,212.3 1 1
github.com/pandusatrianura/heimdall-travel-service/internal/services/aggregator.go:213.2,238.25 6 1
github.com/pandusatrianura/heimdall-travel-service/internal/services/aggregator.go:238.25,240.3 1 0
github.com/pandusatrianura/heimdall-travel-service/internal/services/aggregator.go:243.2,245.18 2 1
github.com/pandusatrianura/heimdall-travel-service/internal/services/aggregator.go:249.140,253.35 3 1
github.com/pandusatrianura/heimdall-travel-service/internal/services/aggregator.go:253.35,255.17 2 1
github.com/pandusatrianura/heimdall-travel-service/internal/services/aggregator.go:255.17,257.4 1 1
github.com/pandusatrianura/heimdall-travel-service/internal/services/aggregator.go:260.3,260.23 1 1
github.com/pandusatrianura/heimdall-travel-service/internal/services/aggregator.go:260.23,262.4 1 1
github.com/pandusatrianura/heimdall-travel-service/internal/services/aggregator.go:265.3,265.21 1 1
github.com/pandusatrianura/heimdall-travel-service/internal/services/aggregator.go:265.21,267.11 2 1
github.com/pandusatrianura/heimdall-travel-service/internal/services/aggregator.go:268.36,268.36 0 1
github.com/pandusatrianura/heimdall-travel-service/internal/services/aggregator.go:269.22,270.22 1 0
github.com/pandusatrianura/heimdall-travel-service/internal/services/aggregator.go:276.2,276.19 1 0
github.com/pandusatrianura/heimdall-travel-service/internal/services/aggregator.go:280.139,285.28 3 1
github.com/pandusatrianura/heimdall-travel-service/internal/services/aggregator.go:285.28,286.56 1 1
github.com/pandusatrianura/heimdall-travel-service/internal/services/aggregator.go:286.56,287.12 1 0
github.com/pandusatrianura/heimdall-travel-service/internal/services/aggregator.go:289.3,289.56 1 1
github.com/pandusatrianura/heimdall-travel-service/internal/services/aggregator.go:289.56,290.12 1 1
github.com/pandusatrianura/heimdall-travel-service/internal/services/aggregator.go:292.3,292.53 1 1
github.com/pandusatrianura/heimdall-travel-service/internal/services/aggregator.go:292.53,293.12 1 1
github.com/pandusatrianura/heimdall-travel-service/internal/services/aggregator.go:295.3,295.71 1 1
github.com/pandusatrianura/heimdall-travel-service/internal/services/aggregator.go:295.71,296.12 1 1
github.com/pandusatrianura/heimdall-travel-service/internal/services/aggregator.go:298.3,298.28 1 1
github.com/pandusatrianura/heimdall-travel-service/internal/services/aggregator.go:298.28,300.35 2 1
github.com/pandusatrianura/heimdall-travel-service/internal/services/aggregator.go:300.35,301.70 1 1
github.com/pandusatrianura/heimdall-travel-service/internal/services/aggregator.go:301.70,303.11 2 1
github.com/pandusatrianura/heimdall-travel-service/internal/services/aggregator.go:306.4,306.21 1 1
github.com/pandusatrianura/heimdall-travel-service/internal/services/aggregator.go:306.21,307.13 1 1
github.com/pandusatrianura/heimdall-travel-service/internal/services/aggregator.go:312.3,314.33 2 1
github.com/pandusatrianura/heimdall-travel-service/internal/services/aggregator.go:318.2,319.22 2 1
github.com/pandusatrianura/heimdall-travel-service/internal/services/aggregator.go:319.22,321.3 1 1
github.com/pandusatrianura/heimdall-travel-service/internal/services/aggregator.go:323.2,323.16 1 1
github.com/pandusatrianura/heimdall-travel-service/internal/services/aggregator.go:324.22,325.50 1 1
github.com/pandusatrianura/heimdall-travel-service/internal/services/aggregator.go:325.50,327.4 1 1
github.com/pandusatrianura/heimdall-travel-service/internal/services/aggregator.go:328.23,329.50 1 0
github.com/pandusatrianura/heimdall-travel-service/internal/services/aggregator.go:329.50,331.4 1 0
github.com/pandusatrianura/heimdall-travel-service/internal/services/aggregator.go:332.27,333.50 1 1
github.com/pandusatrianura/heimdall-travel-service/internal/services/aggregator.go:333.50,335.4 1 1
github.com/pandusatrianura/heimdall-travel-service/internal/services/aggregator.go:336.26,337.50 1 0
github.com/pandusatrianura/heimdall-travel-service/internal/services/aggregator.go:337.50,339.4 1 0
github.com/pandusatrianura/heimdall-travel-service/internal/services/aggregator.go:340.28,341.50 1 1
github.com/pandusatrianura/heimdall-travel-service/internal/services/aggregator.go:341.50,343.4 1 1
github.com/pandusatrianura/heimdall-travel-service/internal/services/aggregator.go:344.26,345.50 1 0
github.com/pandusatrianura/heimdall-travel-service/internal/services/aggregator.go:345.50,347.4 1 0
github.com/pandusatrianura/heimdall-travel-service/internal/services/aggregator.go:348.10,349.33 1 1
github.com/pandusatrianura/heimdall-travel-service/internal/services/aggregator.go:352.2,356.17 2 1
github.com/pandusatrianura/heimdall-travel-service/internal/services/aggregator.go:359.36,364.18 4 1
github.com/pandusatrianura/heimdall-travel-service/internal/services/aggregator.go:364.18,366.3 1 0
github.com/pandusatrianura/heimdall-travel-service/internal/services/aggregator.go:368.2,369.30 2 1
github.com/pandusatrianura/heimdall-travel-service/internal/services/aggregator.go:369.30,370.24 1 1
github.com/pandusatrianura/heimdall-travel-service/internal/services/aggregator.go:370.24,372.4 1 1
github.com/pandusatrianura/heimdall-travel-service/internal/services/aggregator.go:373.3,373.62 1 1
github.com/pandusatrianura/heimdall-travel-service/internal/services/aggregator.go:376.2,377.16 2 1
github.com/pandusatrianura/heimdall-travel-service/internal/services/aggregator.go:377.16,379.3 1 0
github.com/pandusatrianura/heimdall-travel-service/internal/services/aggregator.go:380.2,380.12 1 1
github.com/pandusatrianura/heimdall-travel-service/internal/services/aggregator.go:384.73,385.23 1 1
github.com/pandusatrianura/heimdall-travel-service/internal/services/aggregator.go:385.23,387.3 1 0
github.com/pandusatrianura/heimdall-travel-service/internal/services/aggregator.go:390.2,393.28 3 1
github.com/pandusatrianura/heimdall-travel-service/internal/services/aggregator.go:393.28,397.19 3 1
github.com/pandusatrianura/heimdall-travel-service/internal/services/aggregator.go:397.19,399.4 1 1
github.com/pandusatrianura/heimdall-travel-service/internal/services/aggregator.go:400.3,400.19 1 1
github.com/pandusatrianura/heimdall-travel-service/internal/services/aggregator.go:400.19,402.4 1 1
github.com/pandusatrianura/heimdall-travel-service/internal/services/aggregator.go:403.3,403.17 1 1
github.com/pandusatrianura/heimdall-travel-service/internal/services/aggregator.go:403.17,405.4 1 1
github.com/pandusatrianura/heimdall-travel-service/internal/services/aggregator.go:406.3,406.17 1 1
github.com/pandusatrianura/heimdall-travel-service/internal/services/aggregator.go:406.17,408.4 1 1
github.com/pandusatrianura/heimdall-travel-service/internal/services/aggregator.go:413.2,413.50 1 1
github.com/pandusatrianura/heimdall-travel-service/internal/services/aggregator.go:413.50,419.26 4 1
github.com/pandusatrianura/heimdall-travel-service/internal/services/aggregator.go:419.26,421.4 1 1
github.com/pandusatrianura/heimdall-travel-service/internal/services/aggregator.go:424.3,425.22 2 1
github.com/pandusatrianura/heimdall-travel-service/internal/services/aggregator.go:425.22,427.4 1 1
github.com/pandusatrianura/heimdall-travel-service/internal/services/aggregator.go:430.3,430.62 1 1
github.com/pandusatrianura/heimdall-travel-service/internal/services/aggregator.go:433.2,433.48 1 1
github.com/pandusatrianura/heimdall-travel-service/internal/services/aggregator.go:433.48,435.3 1 1
github.com/pandusatrianura/heimdall-travel-service/internal/services/aggregator.go:438.104,444.33 5 1
github.com/pandusatrianura/heimdall-travel-service/internal/services/aggregator.go:444.33,448.55 4 1
github.com/pandusatrianura/heimdall-travel-service/internal/services/aggregator.go:448.55,450.4 1 1
github.com/pandusatrianura/heimdall-travel-service/internal/services/aggregator.go:453.2,460.3 1 1
github.com/pandusatrianura/heimdall-travel-service/internal/providers/airasia.go:22.63,24.2 1 1
github.com/pandusatrianura/heimdall-travel-service/internal/providers/airasia.go:26.41,28.2 1 1
github.com/pandusatrianura/heimdall-travel-service/internal/providers/airasia.go:50.110,54.34 3 1
github.com/pandusatrianura/heimdall-travel-service/internal/providers/airasia.go:54.34,57.3 2 1
github.com/pandusatrianura/heimdall-travel-service/internal/providers/airasia.go:60.2,62.9 3 1
github.com/pandusatrianura/heimdall-travel-service/internal/providers/airasia.go:63.27,63.27 0 1
github.com/pandusatrianura/heimdall-travel-service/internal/providers/airasia.go:64.20,65.24 1 0
github.com/pandusatrianura/heimdall-travel-service/internal/providers/airasia.go:68.2,71.37 3 1
github.com/pandusatrianura/heimdall-travel-service/internal/providers/airasia.go:71.37,74.17 3 1
github.com/pandusatrianura/heimdall-travel-service/internal/providers/airasia.go:74.17,76.12 2 0
github.com/pandusatrianura/heimdall-travel-service/internal/providers/airasia.go:79.3,80.52 2 1
github.com/pandusatrianura/heimdall-travel-service/internal/providers/airasia.go:80.52,82.12 2 0
github.com/pandusatrianura/heimdall-travel-service/internal/providers/airasia.go:85.3,87.33 2 1
github.com/pandusatrianura/heimdall-travel-service/internal/providers/airasia.go:87.33,88.69 1 1
github.com/pandusatrianura/heimdall-travel-service/internal/providers/airasia.go:88.69,89.13 1 0
github.com/pandusatrianura/heimdall-travel-service/internal/providers/airasia.go:92.4,92.73 1 1
github.com/pandusatrianura/heimdall-travel-service/internal/providers/airasia.go:92.73,93.13 1 0
github.com/pandusatrianura/heimdall-travel-service/internal/providers/airasia.go:96.4,120.23 3 1
github.com/pandusatrianura/heimdall-travel-service/internal/providers/airasia.go:120.23,121.25 1 1
github.com/pandusatrianura/heimdall-travel-service/internal/providers/airasia.go:121.25,123.7 1 1
github.com/pandusatrianura/heimdall-travel-service/internal/providers/airasia.go:124.6,124.14 1 1
github.com/pandusatrianura/heimdall-travel-service/internal/providers/airasia.go:140.4,140.37 1 1
github.com/pandusatrianura/heimdall-travel-service/internal/providers/airasia.go:144.2,145.21 2 1
github.com/pandusatrianura/heimdall-travel-service/internal/providers/batikair.go:21.65,23.2 1 1
github.com/pandusatrianura/heimdall-travel-service/internal/providers/batikair.go:25.42,27.2 1 1
github.com/pandusatrianura/heimdall-travel-service/internal/providers/batikair.go:57.111,63.9 4 1
github.com/pandusatrianura/heimdall-travel-service/internal/providers/batikair.go:64.27,64.27 0 1
github.com/pandusatrianura/heimdall-travel-service/internal/providers/batikair.go:65.20,66.24 1 1
github.com/pandusatrianura/heimdall-travel-service/internal/providers/batikair.go:69.2,72.37 3 1
github.com/pandusatrianura/heimdall-travel-service/internal/providers/batikair.go:72.37,75.17 3 1
github.com/pandusatrianura/heimdall-travel-service/internal/providers/batikair.go:75.17,77.12 2 0
github.com/pandusatrianura/heimdall-travel-service/internal/providers/batikair.go:80.3,81.60 2 1
github.com/pandusatrianura/heimdall-travel-service/internal/providers/batikair.go:81.60,84.12 3 0
github.com/pandusatrianura/heimdall-travel-service/internal/providers/batikair.go:86.3,90.33 3 1
github.com/pandusatrianura/heimdall-travel-service/internal/providers/batikair.go:90.33,92.66 1 1
github.com/pandusatrianura/heimdall-travel-service/internal/providers/batikair.go:92.66,93.13 1 0
github.com/pandusatrianura/heimdall-travel-service/internal/providers/batikair.go:95.4,95.87 1 1
github.com/pandusatrianura/heimdall-travel-service/internal/providers/batikair.go:95.87,96.13 1 0
github.com/pandusatrianura/heimdall-travel-service/internal/providers/batikair.go:99.4,107.24 6 1
github.com/pandusatrianura/heimdall-travel-service/internal/providers/batikair.go:107.24,109.5 1 0
github.com/pandusatrianura/heimdall-travel-service/internal/providers/batikair.go:111.4,149.37 3 1
github.com/pandusatrianura/heimdall-travel-service/internal/providers/batikair.go:153.2,154.21 2 1
github.com/pandusatrianura/heimdall-travel-service/internal/providers/garuda.go:21.61,23.2 1 1
github.com/pandusatrianura/heimdall-travel-service/internal/providers/garuda.go:25.40,27.2 1 1
github.com/pandusatrianura/heimdall-travel-service/internal/providers/garuda.go:67.109,74.9 4 1
github.com/pandusatrianura/heimdall-travel-service/internal/providers/garuda.go:75.27,75.27 0 1
github.com/pandusatrianura/heimdall-travel-service/internal/providers/garuda.go:76.20,77.24 1 0
github.com/pandusatrianura/heimdall-travel-service/internal/providers/garuda.go:80.2,83.37 3 1
github.com/pandusatrianura/heimdall-travel-service/internal/providers/garuda.go:83.37,86.17 3 1
github.com/pandusatrianura/heimdall-travel-service/internal/providers/garuda.go:86.17,88.12 2 0
github.com/pandusatrianura/heimdall-travel-service/internal/providers/garuda.go:91.3,92.52 2 1
github.com/pandusatrianura/heimdall-travel-service/internal/providers/garuda.go:92.52,94.12 2 0
github.com/pandusatrianura/heimdall-travel-service/internal/providers/garuda.go:97.3,99.33 2 1
github.com/pandusatrianura/heimdall-travel-service/internal/providers/garuda.go:99.33,101.81 1 1
github.com/pandusatrianura/heimdall-travel-service/internal/providers/garuda.go:101.81,102.13 1 1
github.com/pandusatrianura/heimdall-travel-service/internal/providers/garuda.go:105.4,105.81 1 1
github.com/pandusatrianura/heimdall-travel-service/internal/providers/garuda.go:105.81,106.13 1 0
github.com/pandusatrianura/heimdall-travel-service/internal/providers/garuda.go:109.4,114.25 4 1
github.com/pandusatrianura/heimdall-travel-service/internal/providers/garuda.go:114.25,116.5 1 0
github.com/pandusatrianura/heimdall-travel-service/internal/providers/garuda.go:118.4,119.30 2 1
github.com/pandusatrianura/heimdall-travel-service/internal/providers/garuda.go:119.30,121.5 1 0
github.com/pandusatrianura/heimdall-travel-service/internal/providers/garuda.go:122.4,123.30 2 1
github.com/pandusatrianura/heimdall-travel-service/internal/providers/garuda.go:123.30,125.5 1 0
github.com/pandusatrianura/heimdall-travel-service/internal/providers/garuda.go:127.4,165.37 3 1
github.com/pandusatrianura/heimdall-travel-service/internal/providers/garuda.go:169.2,170.21 2 1
github.com/pandusatrianura/heimdall-travel-service/internal/providers/lionair.go:21.63,23.2 1 1
github.com/pandusatrianura/heimdall-travel-service/internal/providers/lionair.go:25.41,27.2 1 1
github.com/pandusatrianura/heimdall-travel-service/internal/providers/lionair.go:81.110,87.9 4 1
github.com/pandusatrianura/heimdall-travel-service/internal/providers/lionair.go:88.27,88.27 0 1
github.com/pandusatrianura/heimdall-travel-service/internal/providers/lionair.go:89.20,91.24 2 0
github.com/pandusatrianura/heimdall-travel-service/internal/providers/lionair.go:94.2,97.37 3 1
github.com/pandusatrianura/heimdall-travel-service/internal/providers/lionair.go:97.37,100.17 3 1
github.com/pandusatrianura/heimdall-travel-service/internal/providers/lionair.go:100.17,102.12 2 0
github.com/pandusatrianura/heimdall-travel-service/internal/providers/lionair.go:105.3,106.52 2 1
github.com/pandusatrianura/heimdall-travel-service/internal/providers/lionair.go:106.52,108.12 2 0
github.com/pandusatrianura/heimdall-travel-service/internal/providers/lionair.go:111.3,113.47 2 1
github.com/pandusatrianura/heimdall-travel-service/internal/providers/lionair.go:113.47,114.77 1 1
github.com/pandusatrianura/heimdall-travel-service/internal/providers/lionair.go:114.77,115.13 1 0
github.com/pandusatrianura/heimdall-travel-service/internal/providers/lionair.go:117.4,117.89 1 1
github.com/pandusatrianura/heimdall-travel-service/internal/providers/lionair.go:117.89,118.13 1 0
github.com/pandusatrianura/heimdall-travel-service/internal/providers/lionair.go:121.4,128.33 6 1
github.com/pandusatrianura/heimdall-travel-service/internal/providers/lionair.go:128.33,130.5 1 0
github.com/pandusatrianura/heimdall-travel-service/internal/providers/lionair.go:132.4,134.32 3 1
github.com/pandusatrianura/heimdall-travel-service/internal/providers/lionair.go:134.32,136.5 1 0
github.com/pandusatrianura/heimdall-travel-service/internal/providers/lionair.go:137.4,137.32 1 1
github.com/pandusatrianura/heimdall-travel-service/internal/providers/lionair.go:137.32,139.5 1 0
github.com/pandusatrianura/heimdall-travel-service/internal/providers/lionair.go:141.4,177.37 2 1
github.com/pandusatrianura/heimdall-travel-service/internal/providers/lionair.go:181.2,182.21 2 1
